<?xml version="1.0" encoding="UTF-8"?>
<testng-results ignored="0" total="0" passed="0" failed="0" skipped="0">
  <reporter-output>
  </reporter-output>
  <suite started-at="2024-07-28T20:24:56 IST" name="All Test Suite" finished-at="2024-07-28T20:24:56 IST" duration-ms="10">
    <groups>
    </groups>
    <test started-at="2024-07-28T20:24:56 IST" name="S:/Java Projects/Cucumber/src/test/java/Runner/invalid_login.java" finished-at="2024-07-28T20:24:56 IST" duration-ms="10">
    </test> <!-- S:/Java Projects/Cucumber/src/test/java/Runner/invalid_login.java -->
  </suite> <!-- All Test Suite -->
</testng-results>
